<?xml version="1.0" encoding="UTF-8"?>
<!-- Generated by org.testng.reporters.JUnitXMLReporter -->
<testsuite ignored="2" hostname="OSIYA" failures="1" tests="1" name="Test" time="5.363" errors="0" timestamp="2023-07-27T08:31:19 IST">
  <testcase classname="testClasses.BaseClass" name="@AfterMethod afterMethod" time="0.165">
    <failure type="java.lang.NullPointerException" message="Cannot invoke &amp;quot;com.aventstack.extentreports.ExtentTest.fail(String, com.aventstack.extentreports.MediaEntityModelProvider)&amp;quot; because &amp;quot;testClasses.BaseClass.logger&amp;quot; is null">
      <![CDATA[java.lang.NullPointerException: Cannot invoke "com.aventstack.extentreports.ExtentTest.fail(String, com.aventstack.extentreports.MediaEntityModelProvider)" because "testClasses.BaseClass.logger" is null
at testClasses.BaseClass.afterMethod(BaseClass.java:47)
at java.base/java.util.ArrayList.forEach(ArrayList.java:1511)
... Removed 30 stack frames]]>
    </failure>
  </testcase> <!-- @AfterMethod afterMethod -->
  <testcase classname="testClasses.BaseClass" name="@AfterTest afterTest" time="0.0">
    <skipped/>
  </testcase> <!-- @AfterTest afterTest -->
  <testcase classname="testClasses.GoogleSearch_TestClass" name="googleSearch" time="0.012">
    <failure type="java.lang.NullPointerException" message="Cannot invoke &amp;quot;java.lang.Class.getConstructor(java.lang.Class[])&amp;quot; because &amp;quot;pageClassToProxy&amp;quot; is null">
      <![CDATA[java.lang.NullPointerException: Cannot invoke "java.lang.Class.getConstructor(java.lang.Class[])" because "pageClassToProxy" is null
at org.openqa.selenium.support.PageFactory.instantiatePage(PageFactory.java:124)
at org.openqa.selenium.support.PageFactory.initElements(PageFactory.java:62)
at pomClasses.GoogleSearch_POM.<init>(GoogleSearch_POM.java:20)
at testClasses.GoogleSearch_TestClass.googleSearch(GoogleSearch_TestClass.java:12)
at java.base/java.util.ArrayList.forEach(ArrayList.java:1511)
... Removed 25 stack frames]]>
    </failure>
  </testcase> <!-- googleSearch -->
  <testcase classname="testClasses.BaseClass" name="@BeforeTest beforeTest" time="0.0">
    <ignored/>
  </testcase> <!-- @BeforeTest beforeTest -->
  <testcase classname="testClasses.BaseClass" name="@AfterTest afterTest" time="0.0">
    <ignored/>
  </testcase> <!-- @AfterTest afterTest -->
</testsuite> <!-- Test -->
